c:\users\12566\source\repos\temperaturegettool\debug\temperaturegettool.pch
c:\users\12566\source\repos\temperaturegettool\debug\vc142.pdb
c:\users\12566\source\repos\temperaturegettool\debug\vc142.idb
c:\users\12566\source\repos\temperaturegettool\debug\pch.obj
c:\users\12566\source\repos\temperaturegettool\debug\chartserie.obj
c:\users\12566\source\repos\temperaturegettool\debug\chartscrollbar.obj
c:\users\12566\source\repos\temperaturegettool\debug\chartpointsserie.obj
c:\users\12566\source\repos\temperaturegettool\debug\chartlogarithmicaxis.obj
c:\users\12566\source\repos\temperaturegettool\debug\chartlineserie.obj
c:\users\12566\source\repos\temperaturegettool\debug\chartlegend.obj
c:\users\12566\source\repos\temperaturegettool\debug\chartgrid.obj
c:\users\12566\source\repos\temperaturegettool\debug\chartgradient.obj
c:\users\12566\source\repos\temperaturegettool\debug\chartganttserie.obj
c:\users\12566\source\repos\temperaturegettool\debug\chartfont.obj
c:\users\12566\source\repos\temperaturegettool\debug\chartdraglinecursor.obj
c:\users\12566\source\repos\temperaturegettool\debug\chartdatetimeaxis.obj
c:\users\12566\source\repos\temperaturegettool\debug\chartcursor.obj
c:\users\12566\source\repos\temperaturegettool\debug\chartctrl.obj
c:\users\12566\source\repos\temperaturegettool\debug\chartcrosshaircursor.obj
c:\users\12566\source\repos\temperaturegettool\debug\chartcandlestickserie.obj
c:\users\12566\source\repos\temperaturegettool\debug\chartbarserie.obj
c:\users\12566\source\repos\temperaturegettool\debug\chartaxislabel.obj
c:\users\12566\source\repos\temperaturegettool\debug\chartaxis.obj
c:\users\12566\source\repos\temperaturegettool\debug\cchartctrlusr.obj
c:\users\12566\source\repos\temperaturegettool\debug\temperaturegettooldlg.obj
c:\users\12566\source\repos\temperaturegettool\debug\temperaturegettool.obj
c:\users\12566\source\repos\temperaturegettool\debug\cxmlget.obj
c:\users\12566\source\repos\temperaturegettool\debug\cstringhandle.obj
c:\users\12566\source\repos\temperaturegettool\debug\chartxyserie.obj
c:\users\12566\source\repos\temperaturegettool\debug\charttitle.obj
c:\users\12566\source\repos\temperaturegettool\debug\chartsurfaceserie.obj
c:\users\12566\source\repos\temperaturegettool\debug\chartstandardaxis.obj
c:\users\12566\source\repos\temperaturegettool\debug\temperaturegettool.ilk
c:\users\12566\source\repos\temperaturegettool\debug\temperaturegettool.exe
c:\users\12566\source\repos\temperaturegettool\debug\temperaturegettool.pdb
c:\users\12566\source\repos\temperaturegettool\debug\temperaturegettool.res
c:\users\12566\source\repos\temperaturegettool\debug\temperat.20d16c51.tlog\cl.command.1.tlog
c:\users\12566\source\repos\temperaturegettool\debug\temperat.20d16c51.tlog\cl.read.1.tlog
c:\users\12566\source\repos\temperaturegettool\debug\temperat.20d16c51.tlog\cl.write.1.tlog
c:\users\12566\source\repos\temperaturegettool\debug\temperat.20d16c51.tlog\link.command.1.tlog
c:\users\12566\source\repos\temperaturegettool\debug\temperat.20d16c51.tlog\link.read.1.tlog
c:\users\12566\source\repos\temperaturegettool\debug\temperat.20d16c51.tlog\link.write.1.tlog
c:\users\12566\source\repos\temperaturegettool\debug\temperat.20d16c51.tlog\rc.command.1.tlog
c:\users\12566\source\repos\temperaturegettool\debug\temperat.20d16c51.tlog\rc.read.1.tlog
c:\users\12566\source\repos\temperaturegettool\debug\temperat.20d16c51.tlog\rc.write.1.tlog
