c:\users\12566\source\repos\temperaturegettool\release\temperaturegettool.pch
c:\users\12566\source\repos\temperaturegettool\release\vc142.pdb
c:\users\12566\source\repos\temperaturegettool\release\pch.obj
c:\users\12566\source\repos\temperaturegettool\release\chartserie.obj
c:\users\12566\source\repos\temperaturegettool\release\chartscrollbar.obj
c:\users\12566\source\repos\temperaturegettool\release\chartpointsserie.obj
c:\users\12566\source\repos\temperaturegettool\release\chartlogarithmicaxis.obj
c:\users\12566\source\repos\temperaturegettool\release\chartlineserie.obj
c:\users\12566\source\repos\temperaturegettool\release\chartlegend.obj
c:\users\12566\source\repos\temperaturegettool\release\chartgrid.obj
c:\users\12566\source\repos\temperaturegettool\release\chartgradient.obj
c:\users\12566\source\repos\temperaturegettool\release\chartganttserie.obj
c:\users\12566\source\repos\temperaturegettool\release\chartfont.obj
c:\users\12566\source\repos\temperaturegettool\release\chartdraglinecursor.obj
c:\users\12566\source\repos\temperaturegettool\release\chartdatetimeaxis.obj
c:\users\12566\source\repos\temperaturegettool\release\chartcursor.obj
c:\users\12566\source\repos\temperaturegettool\release\chartctrl.obj
c:\users\12566\source\repos\temperaturegettool\release\chartcrosshaircursor.obj
c:\users\12566\source\repos\temperaturegettool\release\chartcandlestickserie.obj
c:\users\12566\source\repos\temperaturegettool\release\chartbarserie.obj
c:\users\12566\source\repos\temperaturegettool\release\chartaxislabel.obj
c:\users\12566\source\repos\temperaturegettool\release\chartaxis.obj
c:\users\12566\source\repos\temperaturegettool\release\cchartctrlusr.obj
c:\users\12566\source\repos\temperaturegettool\release\temperaturegettooldlg.obj
c:\users\12566\source\repos\temperaturegettool\release\temperaturegettool.obj
c:\users\12566\source\repos\temperaturegettool\release\cxmlget.obj
c:\users\12566\source\repos\temperaturegettool\release\cstringhandle.obj
c:\users\12566\source\repos\temperaturegettool\release\chartxyserie.obj
c:\users\12566\source\repos\temperaturegettool\release\charttitle.obj
c:\users\12566\source\repos\temperaturegettool\release\chartsurfaceserie.obj
c:\users\12566\source\repos\temperaturegettool\release\chartstandardaxis.obj
c:\users\12566\source\repos\temperaturegettool\release\temperaturegettool.exe
c:\users\12566\source\repos\temperaturegettool\release\temperaturegettool.pdb
c:\users\12566\source\repos\temperaturegettool\release\temperaturegettool.res
c:\users\12566\source\repos\temperaturegettool\release\temperaturegettool.ipdb
c:\users\12566\source\repos\temperaturegettool\release\temperaturegettool.iobj
c:\users\12566\source\repos\temperaturegettool\release\temperat.20d16c51.tlog\cl.command.1.tlog
c:\users\12566\source\repos\temperaturegettool\release\temperat.20d16c51.tlog\cl.read.1.tlog
c:\users\12566\source\repos\temperaturegettool\release\temperat.20d16c51.tlog\cl.write.1.tlog
c:\users\12566\source\repos\temperaturegettool\release\temperat.20d16c51.tlog\link.command.1.tlog
c:\users\12566\source\repos\temperaturegettool\release\temperat.20d16c51.tlog\link.read.1.tlog
c:\users\12566\source\repos\temperaturegettool\release\temperat.20d16c51.tlog\link.write.1.tlog
c:\users\12566\source\repos\temperaturegettool\release\temperat.20d16c51.tlog\rc.command.1.tlog
c:\users\12566\source\repos\temperaturegettool\release\temperat.20d16c51.tlog\rc.read.1.tlog
c:\users\12566\source\repos\temperaturegettool\release\temperat.20d16c51.tlog\rc.write.1.tlog
c:\users\12566\source\repos\temperaturegettool\release\temperat.20d16c51.tlog\temperaturegettool.write.1u.tlog
